c:\users\yechanlee\desktop\plugintemplate-3\vs.proj\debug\vc141.pdb
c:\users\yechanlee\desktop\plugintemplate-3\vs.proj\debug\vc141.idb
c:\users\yechanlee\desktop\plugintemplate-3\vs.proj\debug\gotolinedlg.obj
c:\users\yechanlee\desktop\plugintemplate-3\vs.proj\debug\staticdialog.obj
c:\users\yechanlee\desktop\plugintemplate-3\vs.proj\debug\nppplugindemo.obj
c:\users\yechanlee\desktop\plugintemplate-3\vs.proj\debug\plugindefinition.obj
c:\users\yechanlee\desktop\plugintemplate-3\vs.proj\debug\nppplugintemplate.ilk
c:\users\yechanlee\desktop\plugintemplate-3\vs.proj\debug\nppplugintemplate.dll
c:\users\yechanlee\desktop\plugintemplate-3\vs.proj\debug\nppplugintemplate.pdb
c:\users\yechanlee\desktop\plugintemplate-3\vs.proj\debug\nppplugintemplate.lib
c:\users\yechanlee\desktop\plugintemplate-3\vs.proj\debug\nppplugintemplate.exp
c:\users\yechanlee\desktop\plugintemplate-3\vs.proj\debug\goline.res
c:\users\yechanlee\desktop\plugintemplate-3\vs.proj\debug\nppplugindemo.res
c:\users\yechanlee\desktop\plugintemplate-3\vs.proj\debug\nppplugi.9d04dbd5.tlog\cl.command.1.tlog
c:\users\yechanlee\desktop\plugintemplate-3\vs.proj\debug\nppplugi.9d04dbd5.tlog\cl.read.1.tlog
c:\users\yechanlee\desktop\plugintemplate-3\vs.proj\debug\nppplugi.9d04dbd5.tlog\cl.write.1.tlog
c:\users\yechanlee\desktop\plugintemplate-3\vs.proj\debug\nppplugi.9d04dbd5.tlog\link.command.1.tlog
c:\users\yechanlee\desktop\plugintemplate-3\vs.proj\debug\nppplugi.9d04dbd5.tlog\link.read.1.tlog
c:\users\yechanlee\desktop\plugintemplate-3\vs.proj\debug\nppplugi.9d04dbd5.tlog\link.write.1.tlog
c:\users\yechanlee\desktop\plugintemplate-3\vs.proj\debug\nppplugi.9d04dbd5.tlog\nppplugintemplate.write.1u.tlog
c:\users\yechanlee\desktop\plugintemplate-3\vs.proj\debug\nppplugi.9d04dbd5.tlog\rc.command.1.tlog
c:\users\yechanlee\desktop\plugintemplate-3\vs.proj\debug\nppplugi.9d04dbd5.tlog\rc.read.1.tlog
c:\users\yechanlee\desktop\plugintemplate-3\vs.proj\debug\nppplugi.9d04dbd5.tlog\rc.write.1.tlog
