c:\users\yechanlee\desktop\plugintemplate-3\vs.proj\release\vc141.pdb
c:\users\yechanlee\desktop\plugintemplate-3\vs.proj\release\settingsdialog.obj
c:\users\yechanlee\desktop\plugintemplate-3\vs.proj\release\options.obj
c:\users\yechanlee\desktop\plugintemplate-3\vs.proj\release\plugindefinition.obj
c:\users\yechanlee\desktop\plugintemplate-3\vs.proj\release\nppplugindemo.obj
c:\users\yechanlee\desktop\plugintemplate-3\vs.proj\release\staticdialog.obj
c:\users\yechanlee\desktop\plugintemplate-3\vs.proj\release\gotolinedlg.obj
c:\users\yechanlee\desktop\plugintemplate-3\vs.proj\release\settingshandler.obj
c:\users\yechanlee\desktop\plugintemplate-3\bin\nppplugintemplate.dll
c:\users\yechanlee\desktop\plugintemplate-3\vs.proj\nppplugintemplate.lib
c:\users\yechanlee\desktop\plugintemplate-3\vs.proj\nppplugintemplate.exp
c:\users\yechanlee\desktop\plugintemplate-3\bin\nppplugintemplate.ipdb
c:\users\yechanlee\desktop\plugintemplate-3\bin\nppplugintemplate.iobj
c:\users\yechanlee\desktop\plugintemplate-3\vs.proj\..\bin\nppplugintemplate.dll
c:\users\yechanlee\desktop\plugintemplate-3\vs.proj\release\nppplugi.9d04dbd5.tlog\cl.command.1.tlog
c:\users\yechanlee\desktop\plugintemplate-3\vs.proj\release\nppplugi.9d04dbd5.tlog\cl.read.1.tlog
c:\users\yechanlee\desktop\plugintemplate-3\vs.proj\release\nppplugi.9d04dbd5.tlog\cl.write.1.tlog
c:\users\yechanlee\desktop\plugintemplate-3\vs.proj\release\nppplugi.9d04dbd5.tlog\link.command.1.tlog
c:\users\yechanlee\desktop\plugintemplate-3\vs.proj\release\nppplugi.9d04dbd5.tlog\link.read.1.tlog
c:\users\yechanlee\desktop\plugintemplate-3\vs.proj\release\nppplugi.9d04dbd5.tlog\link.write.1.tlog
c:\users\yechanlee\desktop\plugintemplate-3\vs.proj\release\nppplugi.9d04dbd5.tlog\nppplugintemplate.write.1u.tlog
c:\users\yechanlee\desktop\plugintemplate-3\vs.proj\release\nppplugi.9d04dbd5.tlog\rc.command.1.tlog
c:\users\yechanlee\desktop\plugintemplate-3\vs.proj\release\nppplugi.9d04dbd5.tlog\rc.read.1.tlog
c:\users\yechanlee\desktop\plugintemplate-3\vs.proj\release\nppplugi.9d04dbd5.tlog\rc.write.1.tlog
